==4291== Memcheck, a memory error detector
==4291== Copyright (C) 2002-2017, and GNU GPL'd, by Julian Seward et al.
==4291== Using Valgrind-3.15.0 and LibVEX; rerun with -h for copyright info
==4291== Command: ./main
==4291== Parent PID: 4240
==4291== 
==4291== error calling PR_SET_PTRACER, vgdb might block
==4291== 
==4291== HEAP SUMMARY:
==4291==     in use at exit: 16 bytes in 4 blocks
==4291==   total heap usage: 5 allocs, 1 frees, 1,040 bytes allocated
==4291== 
==4291== 4 bytes in 1 blocks are definitely lost in loss record 1 of 4
==4291==    at 0x483B7F3: malloc (in /usr/lib/x86_64-linux-gnu/valgrind/vgpreload_memcheck-amd64-linux.so)
==4291==    by 0x109273: SrcFn1 (source.c:11)
==4291==    by 0x1091A6: fn1 (main.c:10)
==4291==    by 0x109224: main (main.c:26)
==4291== 
==4291== 4 bytes in 1 blocks are definitely lost in loss record 2 of 4
==4291==    at 0x483B7F3: malloc (in /usr/lib/x86_64-linux-gnu/valgrind/vgpreload_memcheck-amd64-linux.so)
==4291==    by 0x1091B0: fn1 (main.c:11)
==4291==    by 0x109224: main (main.c:26)
==4291== 
==4291== 4 bytes in 1 blocks are definitely lost in loss record 3 of 4
==4291==    at 0x483B7F3: malloc (in /usr/lib/x86_64-linux-gnu/valgrind/vgpreload_memcheck-amd64-linux.so)
==4291==    by 0x109273: SrcFn1 (source.c:11)
==4291==    by 0x1091F5: fn2 (main.c:19)
==4291==    by 0x10922E: main (main.c:27)
==4291== 
==4291== 4 bytes in 1 blocks are definitely lost in loss record 4 of 4
==4291==    at 0x483B7F3: malloc (in /usr/lib/x86_64-linux-gnu/valgrind/vgpreload_memcheck-amd64-linux.so)
==4291==    by 0x1091FF: fn2 (main.c:20)
==4291==    by 0x10922E: main (main.c:27)
==4291== 
==4291== LEAK SUMMARY:
==4291==    definitely lost: 16 bytes in 4 blocks
==4291==    indirectly lost: 0 bytes in 0 blocks
==4291==      possibly lost: 0 bytes in 0 blocks
==4291==    still reachable: 0 bytes in 0 blocks
==4291==         suppressed: 0 bytes in 0 blocks
==4291== 
==4291== For lists of detected and suppressed errors, rerun with: -s
==4291== ERROR SUMMARY: 4 errors from 4 contexts (suppressed: 0 from 0)
